Using pre-set license
Built from '2021.3/staging' branch; Version is '2021.3.13f1 (9e7d58001ecf) revision 10386776'; Using compiler version '192829333'; Build Type 'Release'
OS: 'Windows 10  (10.0.19044) 64bit Core' Language: 'de' Physical Memory: 16335 MB
BatchMode: 1, IsHumanControllingUs: 0, StartBugReporterOnCrash: 0, Is64bit: 1, IsPro: 1

COMMAND LINE ARGUMENTS:
C:\Program Files\Unity\Hub\Editor\2021.3.13f1\Editor\Unity.exe
-adb2
-batchMode
-noUpm
-name
AssetImportWorker0
-projectPath
C:/Unity/New Unity Project
-logFile
Logs/AssetImportWorker0.log
-srvPort
49891
Successfully changed project path to: C:/Unity/New Unity Project
C:/Unity/New Unity Project
[UnityMemory] Configuration Parameters - Can be set up in boot.config
    "memorysetup-bucket-allocator-granularity=16"
    "memorysetup-bucket-allocator-bucket-count=8"
    "memorysetup-bucket-allocator-block-size=33554432"
    "memorysetup-bucket-allocator-block-count=8"
    "memorysetup-main-allocator-block-size=16777216"
    "memorysetup-thread-allocator-block-size=16777216"
    "memorysetup-gfx-main-allocator-block-size=16777216"
    "memorysetup-gfx-thread-allocator-block-size=16777216"
    "memorysetup-cache-allocator-block-size=4194304"
    "memorysetup-typetree-allocator-block-size=2097152"
    "memorysetup-profiler-bucket-allocator-granularity=16"
    "memorysetup-profiler-bucket-allocator-bucket-count=8"
    "memorysetup-profiler-bucket-allocator-block-size=33554432"
    "memorysetup-profiler-bucket-allocator-block-count=8"
    "memorysetup-profiler-allocator-block-size=16777216"
    "memorysetup-profiler-editor-allocator-block-size=1048576"
    "memorysetup-temp-allocator-size-main=16777216"
    "memorysetup-job-temp-allocator-block-size=2097152"
    "memorysetup-job-temp-allocator-block-size-background=1048576"
    "memorysetup-job-temp-allocator-reduction-small-platforms=262144"
    "memorysetup-temp-allocator-size-background-worker=32768"
    "memorysetup-temp-allocator-size-job-worker=262144"
    "memorysetup-temp-allocator-size-preload-manager=33554432"
    "memorysetup-temp-allocator-size-nav-mesh-worker=65536"
    "memorysetup-temp-allocator-size-audio-worker=65536"
    "memorysetup-temp-allocator-size-cloud-worker=32768"
    "memorysetup-temp-allocator-size-gi-baking-worker=262144"
    "memorysetup-temp-allocator-size-gfx=262144"
Refreshing native plugins compatible for Editor in 68.04 ms, found 3 plugins.
Preloading 0 native plugins for Editor in 0.00 ms.
Initialize engine version: 2021.3.13f1 (9e7d58001ecf)
[Subsystems] Discovering subsystems at path C:/Program Files/Unity/Hub/Editor/2021.3.13f1/Editor/Data/Resources/UnitySubsystems
[Subsystems] Discovering subsystems at path C:/Unity/New Unity Project/Assets
GfxDevice: creating device client; threaded=0; jobified=0
Direct3D:
    Version:  Direct3D 11.0 [level 11.1]
    Renderer: Radeon RX 570 Series (ID=0x67df)
    Vendor:   ATI
    VRAM:     8171 MB
    Driver:   30.0.13023.4001
Initialize mono
Mono path[0] = 'C:/Program Files/Unity/Hub/Editor/2021.3.13f1/Editor/Data/Managed'
Mono path[1] = 'C:/Program Files/Unity/Hub/Editor/2021.3.13f1/Editor/Data/MonoBleedingEdge/lib/mono/unityjit-win32'
Mono config path = 'C:/Program Files/Unity/Hub/Editor/2021.3.13f1/Editor/Data/MonoBleedingEdge/etc'
Using monoOptions --debugger-agent=transport=dt_socket,embedding=1,server=y,suspend=n,address=127.0.0.1:56160
Begin MonoManager ReloadAssembly
Registering precompiled unity dll's ...
Register platform support module: C:/Program Files/Unity/Hub/Editor/2021.3.13f1/Editor/Data/PlaybackEngines/WebGLSupport/UnityEditor.WebGL.Extensions.dll
Register platform support module: C:/Program Files/Unity/Hub/Editor/2021.3.13f1/Editor/Data/PlaybackEngines/WindowsStandaloneSupport/UnityEditor.WindowsStandalone.Extensions.dll
Registered in 0.010683 seconds.
Native extension for WindowsStandalone target not found
Native extension for WebGL target not found
Refreshing native plugins compatible for Editor in 77.74 ms, found 3 plugins.
Preloading 0 native plugins for Editor in 0.00 ms.
Mono: successfully reloaded assembly
- Completed reload, in  0.737 seconds
Domain Reload Profiling:
	ReloadAssembly (738ms)
		BeginReloadAssembly (107ms)
			ExecutionOrderSort (0ms)
			DisableScriptedObjects (0ms)
			BackupInstance (0ms)
			ReleaseScriptingObjects (0ms)
			CreateAndSetChildDomain (1ms)
		EndReloadAssembly (495ms)
			LoadAssemblies (104ms)
			RebuildTransferFunctionScriptingTraits (0ms)
			SetupTypeCache (110ms)
			ReleaseScriptCaches (0ms)
			RebuildScriptCaches (34ms)
			SetupLoadedEditorAssemblies (295ms)
				LogAssemblyErrors (0ms)
				InitializePlatformSupportModulesInManaged (11ms)
				SetLoadedEditorAssemblies (0ms)
				RefreshPlugins (78ms)
				BeforeProcessingInitializeOnLoad (1ms)
				ProcessInitializeOnLoadAttributes (152ms)
				ProcessInitializeOnLoadMethodAttributes (52ms)
				AfterProcessingInitializeOnLoad (0ms)
				EditorAssembliesLoaded (0ms)
			ExecutionOrderSort2 (0ms)
			AwakeInstancesAfterBackupRestoration (0ms)
Platform modules already initialized, skipping
Registering precompiled user dll's ...
Registered in 0.006650 seconds.
Begin MonoManager ReloadAssembly
Native extension for WindowsStandalone target not found
Native extension for WebGL target not found
Refreshing native plugins compatible for Editor in 0.58 ms, found 3 plugins.
Preloading 0 native plugins for Editor in 0.00 ms.
Mono: successfully reloaded assembly
- Completed reload, in  1.084 seconds
Domain Reload Profiling:
	ReloadAssembly (1085ms)
		BeginReloadAssembly (146ms)
			ExecutionOrderSort (0ms)
			DisableScriptedObjects (7ms)
			BackupInstance (0ms)
			ReleaseScriptingObjects (0ms)
			CreateAndSetChildDomain (24ms)
		EndReloadAssembly (809ms)
			LoadAssemblies (101ms)
			RebuildTransferFunctionScriptingTraits (0ms)
			SetupTypeCache (247ms)
			ReleaseScriptCaches (1ms)
			RebuildScriptCaches (59ms)
			SetupLoadedEditorAssemblies (372ms)
				LogAssemblyErrors (0ms)
				InitializePlatformSupportModulesInManaged (8ms)
				SetLoadedEditorAssemblies (0ms)
				RefreshPlugins (1ms)
				BeforeProcessingInitializeOnLoad (81ms)
				ProcessInitializeOnLoadAttributes (236ms)
				ProcessInitializeOnLoadMethodAttributes (34ms)
				AfterProcessingInitializeOnLoad (11ms)
				EditorAssembliesLoaded (0ms)
			ExecutionOrderSort2 (0ms)
			AwakeInstancesAfterBackupRestoration (8ms)
Platform modules already initialized, skipping
========================================================================
Worker process is ready to serve import requests
Launched and connected shader compiler UnityShaderCompiler.exe after 0.05 seconds
Refreshing native plugins compatible for Editor in 0.65 ms, found 3 plugins.
Preloading 0 native plugins for Editor in 0.00 ms.
Unloading 3229 Unused Serialized files (Serialized files now loaded: 0)
Unloading 24 unused Assets / (56.1 KB). Loaded Objects now: 3689.
Memory consumption went from 111.6 MB to 111.5 MB.
Total: 3.603200 ms (FindLiveObjects: 0.374300 ms CreateObjectMapping: 0.080700 ms MarkObjects: 3.055400 ms  DeleteObjects: 0.091100 ms)

AssetImportParameters requested are different than current active one (requested -> active):
  custom:video-decoder-ogg-theora: a1e56fd34408186e4bbccfd4996cb3dc -> 
  custom:container-muxer-webm: aa71ff27fc2769a1b78a27578f13a17b -> 
  custom:container-demuxer-webm: 4f35f7cbe854078d1ac9338744f61a02 -> 
  custom:video-encoder-webm-vp8: eb34c28f22e8b96e1ab97ce403110664 -> 
  custom:audio-encoder-webm-vorbis: bf7c407c2cedff20999df2af8eb42d56 -> 
  custom:framework-win-MediaFoundation: 216162199b28c13a410421893ffa2e32 -> 
  custom:container-demuxer-ogg: 62fdf1f143b41e24485cea50d1cbac27 -> 
  custom:video-decoder-webm-vp8: 9c59270c3fd7afecdb556c50c9e8de78 -> 
  custom:audio-decoder-ogg-vorbis: bf7c407c2cedff20999df2af8eb42d56 -> 
========================================================================
Received Import Request.
  Time since last request: 3694.260388 seconds.
  path: Assets/LowlyPoly/Free Stylized Textures/Materials
  artifactKey: Guid(be4a79b8d4889a84ba17d42e930993c7) Importer(815301076,1909f56bfc062723c751e8b465ee728b)
Start importing Assets/LowlyPoly/Free Stylized Textures/Materials using Guid(be4a79b8d4889a84ba17d42e930993c7) Importer(815301076,1909f56bfc062723c751e8b465ee728b)  -> (artifact id: '48d4dfbab0fe6d1c82e71973fe2f8a4c') in 0.009674 seconds 
========================================================================
Received Import Request.
  Time since last request: 0.809579 seconds.
  path: Assets/LowlyPoly/Free Stylized Textures/Scene
  artifactKey: Guid(fc45934d91f0bb04fa3a2efb9039a337) Importer(815301076,1909f56bfc062723c751e8b465ee728b)
Start importing Assets/LowlyPoly/Free Stylized Textures/Scene using Guid(fc45934d91f0bb04fa3a2efb9039a337) Importer(815301076,1909f56bfc062723c751e8b465ee728b)  -> (artifact id: 'dd78738b0a13a467aa12f6d570513959') in 0.003888 seconds 
========================================================================
Received Import Request.
  Time since last request: 0.999571 seconds.
  path: Assets/LowlyPoly/Free Stylized Textures/Scene/Free_Stylized_Textures.unity
  artifactKey: Guid(bf184b4044fb6df479e752a582722ea2) Importer(815301076,1909f56bfc062723c751e8b465ee728b)
Start importing Assets/LowlyPoly/Free Stylized Textures/Scene/Free_Stylized_Textures.unity using Guid(bf184b4044fb6df479e752a582722ea2) Importer(815301076,1909f56bfc062723c751e8b465ee728b)  -> (artifact id: '6d054e1ca9ad31cf9b409e9debd4c4e5') in 0.004205 seconds 
========================================================================
Received Import Request.
  Time since last request: 111.295598 seconds.
  path: Assets/LowlyPoly/Free Stylized Textures/Textures/vol_2_3_Wood_Ambient_Occlusion.png
  artifactKey: Guid(b14c4799c9487dc42a880da5a7c5892a) Importer(815301076,1909f56bfc062723c751e8b465ee728b)
Start importing Assets/LowlyPoly/Free Stylized Textures/Textures/vol_2_3_Wood_Ambient_Occlusion.png using Guid(b14c4799c9487dc42a880da5a7c5892a) Importer(815301076,1909f56bfc062723c751e8b465ee728b)  -> (artifact id: '9eec1d137b827e1d4902dbfb75c21d43') in 0.094179 seconds 
========================================================================
Received Import Request.
  Time since last request: 0.000022 seconds.
  path: Assets/LowlyPoly/Free Stylized Textures/Textures/Vol_67_3_Tile_Normal.png
  artifactKey: Guid(ca2ef8a59be983c45b92dd03afd9b342) Importer(815301076,1909f56bfc062723c751e8b465ee728b)
Start importing Assets/LowlyPoly/Free Stylized Textures/Textures/Vol_67_3_Tile_Normal.png using Guid(ca2ef8a59be983c45b92dd03afd9b342) Importer(815301076,1909f56bfc062723c751e8b465ee728b)  -> (artifact id: '001c2374f47ba4049a4ca5e0f944f750') in 0.061213 seconds 
========================================================================
Received Import Request.
  Time since last request: 0.000022 seconds.
  path: Assets/LowlyPoly/Free Stylized Textures/Textures/Vol_34_2_Tiles_Ambient_Occlusion.png
  artifactKey: Guid(95abdcc1842ca7d4d8e8e009e0f4142a) Importer(815301076,1909f56bfc062723c751e8b465ee728b)
Start importing Assets/LowlyPoly/Free Stylized Textures/Textures/Vol_34_2_Tiles_Ambient_Occlusion.png using Guid(95abdcc1842ca7d4d8e8e009e0f4142a) Importer(815301076,1909f56bfc062723c751e8b465ee728b)  -> (artifact id: '5f097b305f8dbb63d60e901078bc8dd7') in 0.019567 seconds 
========================================================================
Received Import Request.
  Time since last request: 0.000040 seconds.
  path: Assets/LowlyPoly/Free Stylized Textures/Textures/Vol_26_2_Cliffs_Height.png
  artifactKey: Guid(2c395f3ea5a3b5e40bfe2b47798518cf) Importer(815301076,1909f56bfc062723c751e8b465ee728b)
Start importing Assets/LowlyPoly/Free Stylized Textures/Textures/Vol_26_2_Cliffs_Height.png using Guid(2c395f3ea5a3b5e40bfe2b47798518cf) Importer(815301076,1909f56bfc062723c751e8b465ee728b)  -> (artifact id: '0c0faf4e0f2e8b81c80fa78907eada68') in 0.012897 seconds 
========================================================================
Received Import Request.
  Time since last request: 0.000023 seconds.
  path: Assets/LowlyPoly/Free Stylized Textures/Textures/Vol_23_1_Rocks_Base_Color.png
  artifactKey: Guid(baf23df249cc3974fafd9a18167df712) Importer(815301076,1909f56bfc062723c751e8b465ee728b)
Start importing Assets/LowlyPoly/Free Stylized Textures/Textures/Vol_23_1_Rocks_Base_Color.png using Guid(baf23df249cc3974fafd9a18167df712) Importer(815301076,1909f56bfc062723c751e8b465ee728b)  -> (artifact id: '7229869ee90e7847f95a3e7a6b11a605') in 0.014245 seconds 
========================================================================
Received Import Request.
  Time since last request: 0.000036 seconds.
  path: Assets/LowlyPoly/Free Stylized Textures/Textures/Vol_36_5_Water_Ambient_Occlusion.png
  artifactKey: Guid(26455e1254c4c44469ca0ac04c6b4533) Importer(815301076,1909f56bfc062723c751e8b465ee728b)
Start importing Assets/LowlyPoly/Free Stylized Textures/Textures/Vol_36_5_Water_Ambient_Occlusion.png using Guid(26455e1254c4c44469ca0ac04c6b4533) Importer(815301076,1909f56bfc062723c751e8b465ee728b)  -> (artifact id: '47d7fb3713f7ef36c1c518f51421f9ff') in 0.014553 seconds 
========================================================================
Received Import Request.
  Time since last request: 0.000025 seconds.
  path: Assets/LowlyPoly/Free Stylized Textures/Textures/Vol_19_4_Dirt_Roughness.png
  artifactKey: Guid(77f420355d0afa849827304d8e765818) Importer(815301076,1909f56bfc062723c751e8b465ee728b)
Start importing Assets/LowlyPoly/Free Stylized Textures/Textures/Vol_19_4_Dirt_Roughness.png using Guid(77f420355d0afa849827304d8e765818) Importer(815301076,1909f56bfc062723c751e8b465ee728b)  -> (artifact id: '3e1959d39175a112317deaf91e761d1a') in 0.015002 seconds 
========================================================================
Received Import Request.
  Time since last request: 0.000029 seconds.
  path: Assets/LowlyPoly/Free Stylized Textures/Textures/vol_2_3_Wood_Normal.png
  artifactKey: Guid(daa033572df9d20419e6c927ff2c2c91) Importer(815301076,1909f56bfc062723c751e8b465ee728b)
Start importing Assets/LowlyPoly/Free Stylized Textures/Textures/vol_2_3_Wood_Normal.png using Guid(daa033572df9d20419e6c927ff2c2c91) Importer(815301076,1909f56bfc062723c751e8b465ee728b)  -> (artifact id: '558a851dcafbdf87b0173890816cd555') in 0.023574 seconds 
========================================================================
Received Import Request.
  Time since last request: 0.000032 seconds.
  path: Assets/LowlyPoly/Free Stylized Textures/Textures/Vol_23_1_Rocks_Roughness.png
  artifactKey: Guid(1288cf61212e10c4391b6a2f9a85739f) Importer(815301076,1909f56bfc062723c751e8b465ee728b)
Start importing Assets/LowlyPoly/Free Stylized Textures/Textures/Vol_23_1_Rocks_Roughness.png using Guid(1288cf61212e10c4391b6a2f9a85739f) Importer(815301076,1909f56bfc062723c751e8b465ee728b)  -> (artifact id: 'beea2b4416fc126b5c1e101d503e25b0') in 0.016722 seconds 
========================================================================
Received Import Request.
  Time since last request: 0.000030 seconds.
  path: Assets/LowlyPoly/Free Stylized Textures/Textures/Vol_81_3_Sci-fi_Roughness.png
  artifactKey: Guid(885ec0940aa26d64281f9cf895aabf73) Importer(815301076,1909f56bfc062723c751e8b465ee728b)
Start importing Assets/LowlyPoly/Free Stylized Textures/Textures/Vol_81_3_Sci-fi_Roughness.png using Guid(885ec0940aa26d64281f9cf895aabf73) Importer(815301076,1909f56bfc062723c751e8b465ee728b)  -> (artifact id: 'cfa72d0a6ec0bac89e4b68823505cd11') in 0.015180 seconds 
========================================================================
Received Import Request.
  Time since last request: 0.000045 seconds.
  path: Assets/LowlyPoly/Free Stylized Textures/Textures/Vol_79_5_Sci-fi_Ambient_Occlusion.png
  artifactKey: Guid(f5d7eb09ca80c5942b6f60a5e3b8e6cd) Importer(815301076,1909f56bfc062723c751e8b465ee728b)
Start importing Assets/LowlyPoly/Free Stylized Textures/Textures/Vol_79_5_Sci-fi_Ambient_Occlusion.png using Guid(f5d7eb09ca80c5942b6f60a5e3b8e6cd) Importer(815301076,1909f56bfc062723c751e8b465ee728b)  -> (artifact id: '34e08ac6dadadbf7e082debcea3604b4') in 0.015650 seconds 
========================================================================
Received Import Request.
  Time since last request: 0.000029 seconds.
  path: Assets/LowlyPoly/Free Stylized Textures/Textures/Vol_30_3_Roofs_Ambient_Occlusion.png
  artifactKey: Guid(c4dbeaa72f7890047aa4a3104e154956) Importer(815301076,1909f56bfc062723c751e8b465ee728b)
Start importing Assets/LowlyPoly/Free Stylized Textures/Textures/Vol_30_3_Roofs_Ambient_Occlusion.png using Guid(c4dbeaa72f7890047aa4a3104e154956) Importer(815301076,1909f56bfc062723c751e8b465ee728b)  -> (artifact id: '3734ddff59847d045baecbfb9493abb7') in 0.015443 seconds 
========================================================================
Received Import Request.
  Time since last request: 0.000053 seconds.
  path: Assets/LowlyPoly/Free Stylized Textures/Textures/Vol_42_1_Vegetation_Base_Color.png
  artifactKey: Guid(20e8f0574dfbc8f4e9ea37a90e90345f) Importer(815301076,1909f56bfc062723c751e8b465ee728b)
Start importing Assets/LowlyPoly/Free Stylized Textures/Textures/Vol_42_1_Vegetation_Base_Color.png using Guid(20e8f0574dfbc8f4e9ea37a90e90345f) Importer(815301076,1909f56bfc062723c751e8b465ee728b)  -> (artifact id: '94254402cc709b6ca9288dc9a83343e9') in 0.013780 seconds 
========================================================================
Received Import Request.
  Time since last request: 0.000028 seconds.
  path: Assets/LowlyPoly/Free Stylized Textures/Textures/Vol_23_1_Rocks_Ambient_Occlusion.png
  artifactKey: Guid(ef520d91c394e83498031f05027a96fa) Importer(815301076,1909f56bfc062723c751e8b465ee728b)
Start importing Assets/LowlyPoly/Free Stylized Textures/Textures/Vol_23_1_Rocks_Ambient_Occlusion.png using Guid(ef520d91c394e83498031f05027a96fa) Importer(815301076,1909f56bfc062723c751e8b465ee728b)  -> (artifact id: '26c67db44087b3781faaed8e162a28af') in 0.016134 seconds 
========================================================================
Received Import Request.
  Time since last request: 0.000039 seconds.
  path: Assets/LowlyPoly/Free Stylized Textures/Textures/Vol_16_2_Sand_Height.png
  artifactKey: Guid(e750983d767f3e546a43fc035a7d2d6d) Importer(815301076,1909f56bfc062723c751e8b465ee728b)
Start importing Assets/LowlyPoly/Free Stylized Textures/Textures/Vol_16_2_Sand_Height.png using Guid(e750983d767f3e546a43fc035a7d2d6d) Importer(815301076,1909f56bfc062723c751e8b465ee728b)  -> (artifact id: '9c20f9cdff48e0be41c3ee8db5f6a460') in 0.015138 seconds 
========================================================================
Received Import Request.
  Time since last request: 0.000027 seconds.
  path: Assets/LowlyPoly/Free Stylized Textures/Textures/Vol_16_2_Sand_Base_Color.png
  artifactKey: Guid(94ddededa5cbf2242b63ddd549cfba38) Importer(815301076,1909f56bfc062723c751e8b465ee728b)
Start importing Assets/LowlyPoly/Free Stylized Textures/Textures/Vol_16_2_Sand_Base_Color.png using Guid(94ddededa5cbf2242b63ddd549cfba38) Importer(815301076,1909f56bfc062723c751e8b465ee728b)  -> (artifact id: 'fdc10de6151bba28f19c3a0dd41a5d42') in 0.015159 seconds 
========================================================================
Received Import Request.
  Time since last request: 0.000032 seconds.
  path: Assets/LowlyPoly/Free Stylized Textures/Textures/Vol_35_3_Lava_Normal.png
  artifactKey: Guid(a464b9a07a241e942ab6ba947dc34463) Importer(815301076,1909f56bfc062723c751e8b465ee728b)
Start importing Assets/LowlyPoly/Free Stylized Textures/Textures/Vol_35_3_Lava_Normal.png using Guid(a464b9a07a241e942ab6ba947dc34463) Importer(815301076,1909f56bfc062723c751e8b465ee728b)  -> (artifact id: '3e33bb957aafb8af77b57328734d9a27') in 0.017941 seconds 
========================================================================
Received Import Request.
  Time since last request: 0.000021 seconds.
  path: Assets/LowlyPoly/Free Stylized Textures/Textures/Vol_18_2_Metals_Ambient_Occlusion.png
  artifactKey: Guid(8673ac5a196c5e7429bd829afd0092a8) Importer(815301076,1909f56bfc062723c751e8b465ee728b)
Start importing Assets/LowlyPoly/Free Stylized Textures/Textures/Vol_18_2_Metals_Ambient_Occlusion.png using Guid(8673ac5a196c5e7429bd829afd0092a8) Importer(815301076,1909f56bfc062723c751e8b465ee728b)  -> (artifact id: 'e91715b1f64f99c9c79f088aed467add') in 0.014038 seconds 
========================================================================
Received Import Request.
  Time since last request: 0.000022 seconds.
  path: Assets/LowlyPoly/Free Stylized Textures/Textures/Vol_79_5_Sci-fi_Base_Color.png
  artifactKey: Guid(1e103bb5bfee2fc4aabb9e1a0ea6f4a9) Importer(815301076,1909f56bfc062723c751e8b465ee728b)
Start importing Assets/LowlyPoly/Free Stylized Textures/Textures/Vol_79_5_Sci-fi_Base_Color.png using Guid(1e103bb5bfee2fc4aabb9e1a0ea6f4a9) Importer(815301076,1909f56bfc062723c751e8b465ee728b)  -> (artifact id: 'eadbb93ee0fbe66f34af00f67c490d98') in 0.015550 seconds 
========================================================================
Received Import Request.
  Time since last request: 0.000029 seconds.
  path: Assets/LowlyPoly/Free Stylized Textures/Textures/Vol_16_2_Sand_Normal.png
  artifactKey: Guid(4afc1765a23e31b4d91c3c7223087506) Importer(815301076,1909f56bfc062723c751e8b465ee728b)
Start importing Assets/LowlyPoly/Free Stylized Textures/Textures/Vol_16_2_Sand_Normal.png using Guid(4afc1765a23e31b4d91c3c7223087506) Importer(815301076,1909f56bfc062723c751e8b465ee728b)  -> (artifact id: '96e68a38597cb3ee72fce1df04307152') in 0.017158 seconds 
========================================================================
Received Import Request.
  Time since last request: 0.000048 seconds.
  path: Assets/LowlyPoly/Free Stylized Textures/Textures/Vol_49_5_Rocks_Normal.png
  artifactKey: Guid(d5d87eab3d41c224c9524b61a2523085) Importer(815301076,1909f56bfc062723c751e8b465ee728b)
Start importing Assets/LowlyPoly/Free Stylized Textures/Textures/Vol_49_5_Rocks_Normal.png using Guid(d5d87eab3d41c224c9524b61a2523085) Importer(815301076,1909f56bfc062723c751e8b465ee728b)  -> (artifact id: '5ebd5c8849dcee5847c36c0d5e22cd26') in 0.017280 seconds 
========================================================================
Received Import Request.
  Time since last request: 0.000030 seconds.
  path: Assets/LowlyPoly/Free Stylized Textures/Textures/Vol_26_2_Cliffs_Normal.png
  artifactKey: Guid(40cfe12abc15c114c9e32d8c0d5670b9) Importer(815301076,1909f56bfc062723c751e8b465ee728b)
Start importing Assets/LowlyPoly/Free Stylized Textures/Textures/Vol_26_2_Cliffs_Normal.png using Guid(40cfe12abc15c114c9e32d8c0d5670b9) Importer(815301076,1909f56bfc062723c751e8b465ee728b)  -> (artifact id: '78644f05ee91e11d874c3fc061520395') in 0.018774 seconds 
========================================================================
Received Import Request.
  Time since last request: 0.000033 seconds.
  path: Assets/LowlyPoly/Free Stylized Textures/Textures/Vol_100_1_Pixel_Base_Color.png
  artifactKey: Guid(42826883b028d6d48a0c38be9f7277ff) Importer(815301076,1909f56bfc062723c751e8b465ee728b)
Start importing Assets/LowlyPoly/Free Stylized Textures/Textures/Vol_100_1_Pixel_Base_Color.png using Guid(42826883b028d6d48a0c38be9f7277ff) Importer(815301076,1909f56bfc062723c751e8b465ee728b)  -> (artifact id: '944dd7eca24ef3aefac018b115a9c7e3') in 0.012715 seconds 
========================================================================
Received Import Request.
  Time since last request: 0.000035 seconds.
  path: Assets/LowlyPoly/Free Stylized Textures/Textures/Vol_35_3_Lava_Ambient_Occlusion.png
  artifactKey: Guid(387bfe5bdb8c63d48aec5f5058d42fcd) Importer(815301076,1909f56bfc062723c751e8b465ee728b)
Start importing Assets/LowlyPoly/Free Stylized Textures/Textures/Vol_35_3_Lava_Ambient_Occlusion.png using Guid(387bfe5bdb8c63d48aec5f5058d42fcd) Importer(815301076,1909f56bfc062723c751e8b465ee728b)  -> (artifact id: 'c39f8ed5f98ff265ff66a2979e9f8cbe') in 0.013943 seconds 
========================================================================
Received Import Request.
  Time since last request: 0.000047 seconds.
  path: Assets/LowlyPoly/Free Stylized Textures/Textures/Vol_26_2_Cliffs_Ambient_Occlusion.png
  artifactKey: Guid(5fdfdb38e6aa18749b19bfe3a1c91a31) Importer(815301076,1909f56bfc062723c751e8b465ee728b)
Start importing Assets/LowlyPoly/Free Stylized Textures/Textures/Vol_26_2_Cliffs_Ambient_Occlusion.png using Guid(5fdfdb38e6aa18749b19bfe3a1c91a31) Importer(815301076,1909f56bfc062723c751e8b465ee728b)  -> (artifact id: '659147b1a82d3adca6079bef8e645c4d') in 0.015726 seconds 
========================================================================
Received Import Request.
  Time since last request: 0.000028 seconds.
  path: Assets/LowlyPoly/Free Stylized Textures/Textures/Vol_35_1_Lava_Emissive.png
  artifactKey: Guid(b35315e0a87bc50409157914c2aa909c) Importer(815301076,1909f56bfc062723c751e8b465ee728b)
Start importing Assets/LowlyPoly/Free Stylized Textures/Textures/Vol_35_1_Lava_Emissive.png using Guid(b35315e0a87bc50409157914c2aa909c) Importer(815301076,1909f56bfc062723c751e8b465ee728b)  -> (artifact id: '7229243956576bfb2bbb540f942dcb44') in 0.013174 seconds 
========================================================================
Received Import Request.
  Time since last request: 0.000033 seconds.
  path: Assets/LowlyPoly/Free Stylized Textures/Textures/Vol_58_1_Surface_Height.png
  artifactKey: Guid(ffd07a53ce00d2d48beb5b77432d053c) Importer(815301076,1909f56bfc062723c751e8b465ee728b)
Start importing Assets/LowlyPoly/Free Stylized Textures/Textures/Vol_58_1_Surface_Height.png using Guid(ffd07a53ce00d2d48beb5b77432d053c) Importer(815301076,1909f56bfc062723c751e8b465ee728b)  -> (artifact id: '957ff4847253a4924705a7bf320a9515') in 0.013258 seconds 
========================================================================
Received Import Request.
  Time since last request: 0.000031 seconds.
  path: Assets/LowlyPoly/Free Stylized Textures/Textures/Vol_26_2_Cliffs_Roughness.png
  artifactKey: Guid(8307f0076c24e8f4eaf6abac885be228) Importer(815301076,1909f56bfc062723c751e8b465ee728b)
Start importing Assets/LowlyPoly/Free Stylized Textures/Textures/Vol_26_2_Cliffs_Roughness.png using Guid(8307f0076c24e8f4eaf6abac885be228) Importer(815301076,1909f56bfc062723c751e8b465ee728b)  -> (artifact id: '45c363ff23f287b25f7267a3ed000990') in 0.014546 seconds 
========================================================================
Received Import Request.
  Time since last request: 0.000024 seconds.
  path: Assets/LowlyPoly/Free Stylized Textures/Textures/Vol_46_2_Tiles_Normal.png
  artifactKey: Guid(76f51ee2128be8340950cc15ba9695dd) Importer(815301076,1909f56bfc062723c751e8b465ee728b)
Start importing Assets/LowlyPoly/Free Stylized Textures/Textures/Vol_46_2_Tiles_Normal.png using Guid(76f51ee2128be8340950cc15ba9695dd) Importer(815301076,1909f56bfc062723c751e8b465ee728b)  -> (artifact id: '67c59795c3c821c4505865f1efadff3d') in 0.019130 seconds 
========================================================================
Received Import Request.
  Time since last request: 0.000020 seconds.
  path: Assets/LowlyPoly/Free Stylized Textures/Textures/Vol_58_1_Surface_Base_Color.png
  artifactKey: Guid(835aaa89846e1d94f8a68e97b7de5217) Importer(815301076,1909f56bfc062723c751e8b465ee728b)
Start importing Assets/LowlyPoly/Free Stylized Textures/Textures/Vol_58_1_Surface_Base_Color.png using Guid(835aaa89846e1d94f8a68e97b7de5217) Importer(815301076,1909f56bfc062723c751e8b465ee728b)  -> (artifact id: 'd44a0b16dedbd6dd2a4a9289e8d9be15') in 0.013365 seconds 
========================================================================
Received Import Request.
  Time since last request: 0.000030 seconds.
  path: Assets/LowlyPoly/Free Stylized Textures/Textures/Vol_34_2_Tiles_Base_Color.png
  artifactKey: Guid(f5956e835ea243744a9fc80cbebe7bdf) Importer(815301076,1909f56bfc062723c751e8b465ee728b)
Start importing Assets/LowlyPoly/Free Stylized Textures/Textures/Vol_34_2_Tiles_Base_Color.png using Guid(f5956e835ea243744a9fc80cbebe7bdf) Importer(815301076,1909f56bfc062723c751e8b465ee728b)  -> (artifact id: '8a06b67445da6c2065876a1c402a8c2f') in 0.015910 seconds 
========================================================================
Received Import Request.
  Time since last request: 0.000056 seconds.
  path: Assets/LowlyPoly/Free Stylized Textures/Textures/vol_2_3_Wood_Height.png
  artifactKey: Guid(f8af072333a7c6e49a1a1de5d106e5c4) Importer(815301076,1909f56bfc062723c751e8b465ee728b)
Start importing Assets/LowlyPoly/Free Stylized Textures/Textures/vol_2_3_Wood_Height.png using Guid(f8af072333a7c6e49a1a1de5d106e5c4) Importer(815301076,1909f56bfc062723c751e8b465ee728b)  -> (artifact id: 'c3181d3f39db47e01984ffd862051295') in 0.013129 seconds 
========================================================================
Received Import Request.
  Time since last request: 0.000040 seconds.
  path: Assets/LowlyPoly/Free Stylized Textures/Textures/Vol_19_4_Dirt_Normal.png
  artifactKey: Guid(f127ee87898056e47946fab0b9123fc9) Importer(815301076,1909f56bfc062723c751e8b465ee728b)
Start importing Assets/LowlyPoly/Free Stylized Textures/Textures/Vol_19_4_Dirt_Normal.png using Guid(f127ee87898056e47946fab0b9123fc9) Importer(815301076,1909f56bfc062723c751e8b465ee728b)  -> (artifact id: '45630b5a22527c8bffb7cd4626894345') in 0.019304 seconds 
========================================================================
Received Import Request.
  Time since last request: 0.000017 seconds.
  path: Assets/LowlyPoly/Free Stylized Textures/Textures/Vol_19_4_Dirt_Ambient_Occlusion.png
  artifactKey: Guid(57d96d9d393c75743b9207eddd2e69b1) Importer(815301076,1909f56bfc062723c751e8b465ee728b)
Start importing Assets/LowlyPoly/Free Stylized Textures/Textures/Vol_19_4_Dirt_Ambient_Occlusion.png using Guid(57d96d9d393c75743b9207eddd2e69b1) Importer(815301076,1909f56bfc062723c751e8b465ee728b)  -> (artifact id: 'ea98eb1d445c32caa3eb2b90d8bc92e2') in 0.011782 seconds 
========================================================================
Received Import Request.
  Time since last request: 0.000040 seconds.
  path: Assets/LowlyPoly/Free Stylized Textures/Textures/Vol_18_2_Metals_Base_Color.png
  artifactKey: Guid(2f11c4bf57fe64b4f859276390ae902d) Importer(815301076,1909f56bfc062723c751e8b465ee728b)
Start importing Assets/LowlyPoly/Free Stylized Textures/Textures/Vol_18_2_Metals_Base_Color.png using Guid(2f11c4bf57fe64b4f859276390ae902d) Importer(815301076,1909f56bfc062723c751e8b465ee728b)  -> (artifact id: '8833446ea471d47e840afe0c9be6929f') in 0.014284 seconds 
========================================================================
Received Import Request.
  Time since last request: 0.000034 seconds.
  path: Assets/LowlyPoly/Free Stylized Textures/Textures/Vol_42_1_Vegetation_Roughness.png
  artifactKey: Guid(045c8214ce9906f41ba2c7d2f5d500f5) Importer(815301076,1909f56bfc062723c751e8b465ee728b)
Start importing Assets/LowlyPoly/Free Stylized Textures/Textures/Vol_42_1_Vegetation_Roughness.png using Guid(045c8214ce9906f41ba2c7d2f5d500f5) Importer(815301076,1909f56bfc062723c751e8b465ee728b)  -> (artifact id: 'b306a7e6ab292609e040795c868e27d1') in 0.013473 seconds 
========================================================================
Received Import Request.
  Time since last request: 0.000054 seconds.
  path: Assets/LowlyPoly/Free Stylized Textures/Textures/Vol_36_5_Water_Normal.png
  artifactKey: Guid(9821a1d54d95c1843968fde988b93fb3) Importer(815301076,1909f56bfc062723c751e8b465ee728b)
Start importing Assets/LowlyPoly/Free Stylized Textures/Textures/Vol_36_5_Water_Normal.png using Guid(9821a1d54d95c1843968fde988b93fb3) Importer(815301076,1909f56bfc062723c751e8b465ee728b)  -> (artifact id: '07b490d0bbaaefcb717e16a5da0689fa') in 0.015129 seconds 
========================================================================
Received Import Request.
  Time since last request: 0.000034 seconds.
  path: Assets/LowlyPoly/Free Stylized Textures/Textures/Vol_7_1_Tiles_Roughness.png
  artifactKey: Guid(aeba06a561ff961458da37a0a69eea0c) Importer(815301076,1909f56bfc062723c751e8b465ee728b)
Start importing Assets/LowlyPoly/Free Stylized Textures/Textures/Vol_7_1_Tiles_Roughness.png using Guid(aeba06a561ff961458da37a0a69eea0c) Importer(815301076,1909f56bfc062723c751e8b465ee728b)  -> (artifact id: 'cbb7493f14ba4822ded3095c05bde03f') in 0.019196 seconds 
========================================================================
Received Import Request.
  Time since last request: 0.000032 seconds.
  path: Assets/LowlyPoly/Free Stylized Textures/Textures/Vol_30_3_Roofs_Height.png
  artifactKey: Guid(172a7b97944b04d4c903775827573934) Importer(815301076,1909f56bfc062723c751e8b465ee728b)
Start importing Assets/LowlyPoly/Free Stylized Textures/Textures/Vol_30_3_Roofs_Height.png using Guid(172a7b97944b04d4c903775827573934) Importer(815301076,1909f56bfc062723c751e8b465ee728b)  -> (artifact id: '294c7a4c1b80c24d637223475f6d9c92') in 0.016384 seconds 
========================================================================
Received Import Request.
  Time since last request: 0.000024 seconds.
  path: Assets/LowlyPoly/Free Stylized Textures/Textures/Vol_30_3_Roofs_Normal.png
  artifactKey: Guid(27db48b727b8291479c50e33cd6e436c) Importer(815301076,1909f56bfc062723c751e8b465ee728b)
Start importing Assets/LowlyPoly/Free Stylized Textures/Textures/Vol_30_3_Roofs_Normal.png using Guid(27db48b727b8291479c50e33cd6e436c) Importer(815301076,1909f56bfc062723c751e8b465ee728b)  -> (artifact id: 'e825bc0665be6d04c4b479c6b653b94d') in 0.017986 seconds 
========================================================================
Received Import Request.
  Time since last request: 0.000026 seconds.
  path: Assets/LowlyPoly/Free Stylized Textures/Textures/Vol_79_5_Sci-fi_Metallic.png
  artifactKey: Guid(8a467adbb676f034e89463f71c7a0e0a) Importer(815301076,1909f56bfc062723c751e8b465ee728b)
Start importing Assets/LowlyPoly/Free Stylized Textures/Textures/Vol_79_5_Sci-fi_Metallic.png using Guid(8a467adbb676f034e89463f71c7a0e0a) Importer(815301076,1909f56bfc062723c751e8b465ee728b)  -> (artifact id: '105e51f7e034b8ca322178cd16221f5c') in 0.015228 seconds 
========================================================================
Received Import Request.
  Time since last request: 0.000027 seconds.
  path: Assets/LowlyPoly/Free Stylized Textures/Textures/Vol_34_2_Tiles_Normal.png
  artifactKey: Guid(1dc984f20cf5dc54092fac3b548c9582) Importer(815301076,1909f56bfc062723c751e8b465ee728b)
Start importing Assets/LowlyPoly/Free Stylized Textures/Textures/Vol_34_2_Tiles_Normal.png using Guid(1dc984f20cf5dc54092fac3b548c9582) Importer(815301076,1909f56bfc062723c751e8b465ee728b)  -> (artifact id: 'e1cfd61b1704cf1d10c903c0af60bd83') in 0.020814 seconds 
========================================================================
Received Import Request.
  Time since last request: 0.000034 seconds.
  path: Assets/LowlyPoly/Free Stylized Textures/Textures/Vol_35_3_Lava_Height.png
  artifactKey: Guid(2548d97419902a6498f390bc5798c318) Importer(815301076,1909f56bfc062723c751e8b465ee728b)
Start importing Assets/LowlyPoly/Free Stylized Textures/Textures/Vol_35_3_Lava_Height.png using Guid(2548d97419902a6498f390bc5798c318) Importer(815301076,1909f56bfc062723c751e8b465ee728b)  -> (artifact id: 'cca62c730fba5260e944faffdc408b38') in 0.016179 seconds 
========================================================================
Received Import Request.
  Time since last request: 0.000024 seconds.
  path: Assets/LowlyPoly/Free Stylized Textures/Textures/Vol_30_3_Roofs_Base_Color.png
  artifactKey: Guid(323ac6b077a121b4d84019f2c25fd31e) Importer(815301076,1909f56bfc062723c751e8b465ee728b)
Start importing Assets/LowlyPoly/Free Stylized Textures/Textures/Vol_30_3_Roofs_Base_Color.png using Guid(323ac6b077a121b4d84019f2c25fd31e) Importer(815301076,1909f56bfc062723c751e8b465ee728b)  -> (artifact id: '225da127192609928208aca217220c3b') in 0.016686 seconds 
========================================================================
Received Import Request.
  Time since last request: 0.000030 seconds.
  path: Assets/LowlyPoly/Free Stylized Textures/Textures/Vol_58_1_Surface_Normal.png
  artifactKey: Guid(3cf6eee3d0cee82429945f707475de05) Importer(815301076,1909f56bfc062723c751e8b465ee728b)
Start importing Assets/LowlyPoly/Free Stylized Textures/Textures/Vol_58_1_Surface_Normal.png using Guid(3cf6eee3d0cee82429945f707475de05) Importer(815301076,1909f56bfc062723c751e8b465ee728b)  -> (artifact id: '84371f80b651c5fe0096cd8bf78ebb68') in 0.019999 seconds 
========================================================================
Received Import Request.
  Time since last request: 0.000039 seconds.
  path: Assets/LowlyPoly/Free Stylized Textures/Textures/Vol_46_2_Tiles_Ambient_Occlusion.png
  artifactKey: Guid(0bde6e27f85fd544d894b8997034c8ab) Importer(815301076,1909f56bfc062723c751e8b465ee728b)
Start importing Assets/LowlyPoly/Free Stylized Textures/Textures/Vol_46_2_Tiles_Ambient_Occlusion.png using Guid(0bde6e27f85fd544d894b8997034c8ab) Importer(815301076,1909f56bfc062723c751e8b465ee728b)  -> (artifact id: '6ab5fc846cf3eb51bed4f641dee7d97b') in 0.014079 seconds 
========================================================================
Received Import Request.
  Time since last request: 0.000045 seconds.
  path: Assets/LowlyPoly/Free Stylized Textures/Textures/Vol_81_3_Sci-fi_Base_Color.png
  artifactKey: Guid(45607dc784c6c86458142849705cfeaa) Importer(815301076,1909f56bfc062723c751e8b465ee728b)
Start importing Assets/LowlyPoly/Free Stylized Textures/Textures/Vol_81_3_Sci-fi_Base_Color.png using Guid(45607dc784c6c86458142849705cfeaa) Importer(815301076,1909f56bfc062723c751e8b465ee728b)  -> (artifact id: '1318a0d6b777abab4ae1cc3702503b16') in 0.013126 seconds 
========================================================================
Received Import Request.
  Time since last request: 0.000044 seconds.
  path: Assets/LowlyPoly/Free Stylized Textures/Textures/Vol_36_5_Water_Base_Color.png
  artifactKey: Guid(d75d23fa05e7cd747ba54add1c60d577) Importer(815301076,1909f56bfc062723c751e8b465ee728b)
Start importing Assets/LowlyPoly/Free Stylized Textures/Textures/Vol_36_5_Water_Base_Color.png using Guid(d75d23fa05e7cd747ba54add1c60d577) Importer(815301076,1909f56bfc062723c751e8b465ee728b)  -> (artifact id: '9fd580ee8d47cb3ab636676e5b998e0c') in 0.012694 seconds 
========================================================================
Received Import Request.
  Time since last request: 0.000030 seconds.
  path: Assets/LowlyPoly/Free Stylized Textures/Textures/Vol_42_1_Vegetation_Normal.png
  artifactKey: Guid(d79522159a1f6344d8b1c6c2ba127444) Importer(815301076,1909f56bfc062723c751e8b465ee728b)
Start importing Assets/LowlyPoly/Free Stylized Textures/Textures/Vol_42_1_Vegetation_Normal.png using Guid(d79522159a1f6344d8b1c6c2ba127444) Importer(815301076,1909f56bfc062723c751e8b465ee728b)  -> (artifact id: 'a9626222046779a4239718d5a2f9a995') in 0.016389 seconds 
========================================================================
Received Import Request.
  Time since last request: 0.000038 seconds.
  path: Assets/LowlyPoly/Free Stylized Textures/Textures/Vol_7_1_Tiles_Height.png
  artifactKey: Guid(6d7c872c3a1aea8448fd8eb308df97f3) Importer(815301076,1909f56bfc062723c751e8b465ee728b)
Start importing Assets/LowlyPoly/Free Stylized Textures/Textures/Vol_7_1_Tiles_Height.png using Guid(6d7c872c3a1aea8448fd8eb308df97f3) Importer(815301076,1909f56bfc062723c751e8b465ee728b)  -> (artifact id: 'e292b7462dc20d972a4a8065486e97ce') in 0.011848 seconds 
========================================================================
Received Import Request.
  Time since last request: 0.000026 seconds.
  path: Assets/LowlyPoly/Free Stylized Textures/Textures/Vol_100_1_Pixel_Roughness.png
  artifactKey: Guid(cf409b0b820307c47bcb38a890a217e1) Importer(815301076,1909f56bfc062723c751e8b465ee728b)
Start importing Assets/LowlyPoly/Free Stylized Textures/Textures/Vol_100_1_Pixel_Roughness.png using Guid(cf409b0b820307c47bcb38a890a217e1) Importer(815301076,1909f56bfc062723c751e8b465ee728b)  -> (artifact id: 'c94ac89be5ec2c4795a521d2dec535bd') in 0.013167 seconds 
========================================================================
Received Import Request.
  Time since last request: 0.000048 seconds.
  path: Assets/LowlyPoly/Free Stylized Textures/Textures/Vol_23_1_Rocks_Height.png
  artifactKey: Guid(5dd5833fe203510408d24955f0ab7284) Importer(815301076,1909f56bfc062723c751e8b465ee728b)
Start importing Assets/LowlyPoly/Free Stylized Textures/Textures/Vol_23_1_Rocks_Height.png using Guid(5dd5833fe203510408d24955f0ab7284) Importer(815301076,1909f56bfc062723c751e8b465ee728b)  -> (artifact id: '399208616fec7227d5b9e2fc5949f0a9') in 0.012999 seconds 
========================================================================
Received Import Request.
  Time since last request: 0.010862 seconds.
  path: Assets/LowlyPoly/Free Stylized Textures/Materials/Vol_2_3_Wood.mat
  artifactKey: Guid(e2782bd09fb749e4f8c457cb9c8cc6cd) Importer(815301076,1909f56bfc062723c751e8b465ee728b)
Start importing Assets/LowlyPoly/Free Stylized Textures/Materials/Vol_2_3_Wood.mat using Guid(e2782bd09fb749e4f8c457cb9c8cc6cd) Importer(815301076,1909f56bfc062723c751e8b465ee728b)  -> (artifact id: '8cf7a51a58571c6b65622b903ee00938') in 0.354599 seconds 
========================================================================
Received Import Request.
  Time since last request: 0.000028 seconds.
  path: Assets/LowlyPoly/Free Stylized Textures/Materials/Vol_27_4_Lava.mat
  artifactKey: Guid(7ea77b3e49c1d61409582be7e98d0d61) Importer(815301076,1909f56bfc062723c751e8b465ee728b)
Start importing Assets/LowlyPoly/Free Stylized Textures/Materials/Vol_27_4_Lava.mat using Guid(7ea77b3e49c1d61409582be7e98d0d61) Importer(815301076,1909f56bfc062723c751e8b465ee728b)  -> (artifact id: 'a6e43a67e7b8edecded5c466f3aa31fe') in 0.031231 seconds 
========================================================================
Received Import Request.
  Time since last request: 0.000046 seconds.
  path: Assets/LowlyPoly/Free Stylized Textures/Materials/Vol_18_2_Metals.mat
  artifactKey: Guid(118675f9ee3b22c43a2f8841d6206b1b) Importer(815301076,1909f56bfc062723c751e8b465ee728b)
Start importing Assets/LowlyPoly/Free Stylized Textures/Materials/Vol_18_2_Metals.mat using Guid(118675f9ee3b22c43a2f8841d6206b1b) Importer(815301076,1909f56bfc062723c751e8b465ee728b)  -> (artifact id: '9a17e06fd6e0c5a0e190c26c21ade713') in 0.028480 seconds 
========================================================================
Received Import Request.
  Time since last request: 0.000029 seconds.
  path: Assets/LowlyPoly/Free Stylized Textures/Materials/Vol_23_1_Rocks.mat
  artifactKey: Guid(43ca10b6d3421d546832de715a9d893f) Importer(815301076,1909f56bfc062723c751e8b465ee728b)
Start importing Assets/LowlyPoly/Free Stylized Textures/Materials/Vol_23_1_Rocks.mat using Guid(43ca10b6d3421d546832de715a9d893f) Importer(815301076,1909f56bfc062723c751e8b465ee728b)  -> (artifact id: 'a3174a2e535135ebfa7653ac118b7761') in 0.023487 seconds 
========================================================================
Received Import Request.
  Time since last request: 0.000027 seconds.
  path: Assets/LowlyPoly/Free Stylized Textures/Materials/Vol_67_3_Tile.mat
  artifactKey: Guid(b45a15fff385e4a46ab2bf7a9b0214e8) Importer(815301076,1909f56bfc062723c751e8b465ee728b)
Start importing Assets/LowlyPoly/Free Stylized Textures/Materials/Vol_67_3_Tile.mat using Guid(b45a15fff385e4a46ab2bf7a9b0214e8) Importer(815301076,1909f56bfc062723c751e8b465ee728b)  -> (artifact id: 'b5a14905cef60109c11a7d1582133211') in 0.197462 seconds 
========================================================================
Received Import Request.
  Time since last request: 0.000027 seconds.
  path: Assets/LowlyPoly/Free Stylized Textures/Materials/Vol_36_5_Water.mat
  artifactKey: Guid(490c25b2fda35fc4582a9582c4179ad5) Importer(815301076,1909f56bfc062723c751e8b465ee728b)
Start importing Assets/LowlyPoly/Free Stylized Textures/Materials/Vol_36_5_Water.mat using Guid(490c25b2fda35fc4582a9582c4179ad5) Importer(815301076,1909f56bfc062723c751e8b465ee728b)  -> (artifact id: '007510d51ad98672f0a6ca092b5e789c') in 0.030029 seconds 
========================================================================
Received Import Request.
  Time since last request: 0.000037 seconds.
  path: Assets/LowlyPoly/Free Stylized Textures/Materials/Vol_35_3_Lava.mat
  artifactKey: Guid(b7bcd7c6b3acb3241b0d5af1a358b19b) Importer(815301076,1909f56bfc062723c751e8b465ee728b)
Start importing Assets/LowlyPoly/Free Stylized Textures/Materials/Vol_35_3_Lava.mat using Guid(b7bcd7c6b3acb3241b0d5af1a358b19b) Importer(815301076,1909f56bfc062723c751e8b465ee728b)  -> (artifact id: '06f144507d646e90ed1f642c78083342') in 0.151276 seconds 
========================================================================
Received Import Request.
  Time since last request: 0.000039 seconds.
  path: Assets/LowlyPoly/Free Stylized Textures/Materials/Vol_42_1_Vegetation.mat
  artifactKey: Guid(9c3435b7cf3210044b3a24266d8aebf1) Importer(815301076,1909f56bfc062723c751e8b465ee728b)
Start importing Assets/LowlyPoly/Free Stylized Textures/Materials/Vol_42_1_Vegetation.mat using Guid(9c3435b7cf3210044b3a24266d8aebf1) Importer(815301076,1909f56bfc062723c751e8b465ee728b)  -> (artifact id: '45196eb31610e2e9e9ecfa7b8bed51e4') in 0.023835 seconds 
========================================================================
Received Import Request.
  Time since last request: 0.000018 seconds.
  path: Assets/LowlyPoly/Free Stylized Textures/Materials/Vol_49_5_Rocks.mat
  artifactKey: Guid(67436367136736141b5c7e131555c4d1) Importer(815301076,1909f56bfc062723c751e8b465ee728b)
Start importing Assets/LowlyPoly/Free Stylized Textures/Materials/Vol_49_5_Rocks.mat using Guid(67436367136736141b5c7e131555c4d1) Importer(815301076,1909f56bfc062723c751e8b465ee728b)  -> (artifact id: '0af726c16e40c6bcca8d0242809d9c15') in 0.025462 seconds 
========================================================================
Received Import Request.
  Time since last request: 0.000035 seconds.
  path: Assets/LowlyPoly/Free Stylized Textures/Materials/Vol_81_3_Sci-fi.mat
  artifactKey: Guid(d12d326c7ff660a40aed23b21d98c6ad) Importer(815301076,1909f56bfc062723c751e8b465ee728b)
Start importing Assets/LowlyPoly/Free Stylized Textures/Materials/Vol_81_3_Sci-fi.mat using Guid(d12d326c7ff660a40aed23b21d98c6ad) Importer(815301076,1909f56bfc062723c751e8b465ee728b)  -> (artifact id: '593075266412e2b926c54d65cc828398') in 0.264903 seconds 
========================================================================
Received Prepare
Registering precompiled user dll's ...
Registered in 0.007016 seconds.
Begin MonoManager ReloadAssembly
Native extension for WindowsStandalone target not found
Native extension for WebGL target not found
Refreshing native plugins compatible for Editor in 0.72 ms, found 3 plugins.
Preloading 0 native plugins for Editor in 0.00 ms.
Mono: successfully reloaded assembly
- Completed reload, in  1.052 seconds
Domain Reload Profiling:
	ReloadAssembly (1052ms)
		BeginReloadAssembly (165ms)
			ExecutionOrderSort (0ms)
			DisableScriptedObjects (5ms)
			BackupInstance (0ms)
			ReleaseScriptingObjects (0ms)
			CreateAndSetChildDomain (40ms)
		EndReloadAssembly (775ms)
			LoadAssemblies (122ms)
			RebuildTransferFunctionScriptingTraits (0ms)
			SetupTypeCache (243ms)
			ReleaseScriptCaches (1ms)
			RebuildScriptCaches (42ms)
			SetupLoadedEditorAssemblies (350ms)
				LogAssemblyErrors (0ms)
				InitializePlatformSupportModulesInManaged (21ms)
				SetLoadedEditorAssemblies (1ms)
				RefreshPlugins (1ms)
				BeforeProcessingInitializeOnLoad (65ms)
				ProcessInitializeOnLoadAttributes (207ms)
				ProcessInitializeOnLoadMethodAttributes (42ms)
				AfterProcessingInitializeOnLoad (13ms)
				EditorAssembliesLoaded (0ms)
			ExecutionOrderSort2 (0ms)
			AwakeInstancesAfterBackupRestoration (7ms)
Platform modules already initialized, skipping
Refreshing native plugins compatible for Editor in 2.17 ms, found 3 plugins.
Preloading 0 native plugins for Editor in 0.00 ms.
Unloading 3270 Unused Serialized files (Serialized files now loaded: 0)
Unloading 17 unused Assets / (24.7 KB). Loaded Objects now: 3789.
Memory consumption went from 118.0 MB to 117.9 MB.
Total: 3.193200 ms (FindLiveObjects: 0.273200 ms CreateObjectMapping: 0.075700 ms MarkObjects: 2.820400 ms  DeleteObjects: 0.022900 ms)

AssetImportParameters requested are different than current active one (requested -> active):
  custom:video-decoder-ogg-theora: a1e56fd34408186e4bbccfd4996cb3dc -> 
  custom:container-muxer-webm: aa71ff27fc2769a1b78a27578f13a17b -> 
  custom:container-demuxer-webm: 4f35f7cbe854078d1ac9338744f61a02 -> 
  custom:video-encoder-webm-vp8: eb34c28f22e8b96e1ab97ce403110664 -> 
  custom:audio-encoder-webm-vorbis: bf7c407c2cedff20999df2af8eb42d56 -> 
  custom:framework-win-MediaFoundation: 216162199b28c13a410421893ffa2e32 -> 
  custom:container-demuxer-ogg: 62fdf1f143b41e24485cea50d1cbac27 -> 
  custom:video-decoder-webm-vp8: 9c59270c3fd7afecdb556c50c9e8de78 -> 
  custom:audio-decoder-ogg-vorbis: bf7c407c2cedff20999df2af8eb42d56 -> 
========================================================================
Received Prepare
Registering precompiled user dll's ...
Registered in 0.008633 seconds.
Begin MonoManager ReloadAssembly
Native extension for WindowsStandalone target not found
Native extension for WebGL target not found
Refreshing native plugins compatible for Editor in 0.58 ms, found 3 plugins.
Preloading 0 native plugins for Editor in 0.00 ms.
Mono: successfully reloaded assembly
- Completed reload, in  1.062 seconds
Domain Reload Profiling:
	ReloadAssembly (1062ms)
		BeginReloadAssembly (166ms)
			ExecutionOrderSort (0ms)
			DisableScriptedObjects (9ms)
			BackupInstance (0ms)
			ReleaseScriptingObjects (0ms)
			CreateAndSetChildDomain (38ms)
		EndReloadAssembly (784ms)
			LoadAssemblies (118ms)
			RebuildTransferFunctionScriptingTraits (0ms)
			SetupTypeCache (257ms)
			ReleaseScriptCaches (1ms)
			RebuildScriptCaches (44ms)
			SetupLoadedEditorAssemblies (343ms)
				LogAssemblyErrors (0ms)
				InitializePlatformSupportModulesInManaged (16ms)
				SetLoadedEditorAssemblies (0ms)
				RefreshPlugins (1ms)
				BeforeProcessingInitializeOnLoad (69ms)
				ProcessInitializeOnLoadAttributes (206ms)
				ProcessInitializeOnLoadMethodAttributes (39ms)
				AfterProcessingInitializeOnLoad (12ms)
				EditorAssembliesLoaded (0ms)
			ExecutionOrderSort2 (0ms)
			AwakeInstancesAfterBackupRestoration (9ms)
Platform modules already initialized, skipping
Refreshing native plugins compatible for Editor in 2.15 ms, found 3 plugins.
Preloading 0 native plugins for Editor in 0.00 ms.
Unloading 3290 Unused Serialized files (Serialized files now loaded: 0)
Unloading 17 unused Assets / (24.7 KB). Loaded Objects now: 3812.
Memory consumption went from 118.7 MB to 118.7 MB.
Total: 3.675200 ms (FindLiveObjects: 0.475800 ms CreateObjectMapping: 0.200500 ms MarkObjects: 2.959900 ms  DeleteObjects: 0.037400 ms)

AssetImportParameters requested are different than current active one (requested -> active):
  custom:video-decoder-ogg-theora: a1e56fd34408186e4bbccfd4996cb3dc -> 
  custom:container-muxer-webm: aa71ff27fc2769a1b78a27578f13a17b -> 
  custom:container-demuxer-webm: 4f35f7cbe854078d1ac9338744f61a02 -> 
  custom:video-encoder-webm-vp8: eb34c28f22e8b96e1ab97ce403110664 -> 
  custom:audio-encoder-webm-vorbis: bf7c407c2cedff20999df2af8eb42d56 -> 
  custom:framework-win-MediaFoundation: 216162199b28c13a410421893ffa2e32 -> 
  custom:container-demuxer-ogg: 62fdf1f143b41e24485cea50d1cbac27 -> 
  custom:video-decoder-webm-vp8: 9c59270c3fd7afecdb556c50c9e8de78 -> 
  custom:audio-decoder-ogg-vorbis: bf7c407c2cedff20999df2af8eb42d56 -> 
